<?xml version="1.0" encoding="UTF-8"?>
<!-- Generated by org.testng.reporters.JUnitXMLReporter -->
<testsuite ignored="3" hostname="LAPTOP-RPC21CH1" failures="0" tests="1" name="Default test" time="51.616" errors="0" timestamp="2023-01-31T23:01:21 IST">
  <testcase classname="org.TestCases.TCs_LoginPage" name="verifyLoginPageTitle" time="0.025"/>
  <testcase classname="org.TestCases.TCs_LoginPage" name="verifyLoginPageUrl" time="0.0">
    <ignored/>
  </testcase> <!-- verifyLoginPageUrl -->
  <testcase classname="org.TestCases.TCs_LoginPage" name="verifyForgotPasswordFunctionality" time="0.0">
    <ignored/>
  </testcase> <!-- verifyForgotPasswordFunctionality -->
  <testcase classname="org.TestCases.TCs_LoginPage" name="verifyLoginPageCredentialsTests" time="0.0">
    <ignored/>
  </testcase> <!-- verifyLoginPageCredentialsTests -->
</testsuite> <!-- Default test -->
