<?xml version="1.0" encoding="UTF-8"?>
<testng-results ignored="3" total="4" passed="1" failed="0" skipped="0">
  <reporter-output>
  </reporter-output>
  <suite started-at="2023-01-31T23:00:29 IST" name="Default suite" finished-at="2023-01-31T23:01:21 IST" duration-ms="51616">
    <groups>
    </groups>
    <test started-at="2023-01-31T23:00:29 IST" name="Default test" finished-at="2023-01-31T23:01:21 IST" duration-ms="51616">
      <class name="org.TestCases.TCs_LoginPage">
        <test-method is-config="true" signature="setUp()[pri:0, instance:org.TestCases.TCs_LoginPage@18df8434]" started-at="2023-01-31T23:00:29 IST" name="setUp" finished-at="2023-01-31T23:01:20 IST" duration-ms="51160" status="PASS">
          <reporter-output>
          </reporter-output>
        </test-method> <!-- setUp -->
        <test-method signature="verifyLoginPageTitle()[pri:2, instance:org.TestCases.TCs_LoginPage@18df8434]" started-at="2023-01-31T23:01:20 IST" name="verifyLoginPageTitle" finished-at="2023-01-31T23:01:20 IST" duration-ms="25" status="PASS">
          <reporter-output>
          </reporter-output>
        </test-method> <!-- verifyLoginPageTitle -->
        <test-method is-config="true" signature="tearDown()[pri:0, instance:org.TestCases.TCs_LoginPage@18df8434]" started-at="2023-01-31T23:01:20 IST" name="tearDown" finished-at="2023-01-31T23:01:21 IST" duration-ms="353" status="PASS">
          <reporter-output>
          </reporter-output>
        </test-method> <!-- tearDown -->
      </class> <!-- org.TestCases.TCs_LoginPage -->
    </test> <!-- Default test -->
  </suite> <!-- Default suite -->
</testng-results>
